<?xml version="1.0" encoding="UTF-8"?>
<!-- Generated by org.testng.reporters.JUnitReportReporter -->
<testsuite hostname="DESKTOP-7Q17T1A" failures="0" tests="4" name="testing.Login_test" time="42.283" errors="0" timestamp="2023-12-29T16:51:49 IST" skipped="0">
  <testcase classname="testing.Login_test" name="login_btn" time="20.684"/>
  <system-out/>
  <testcase classname="testing.Login_test" name="email" time="1.913"/>
  <system-out/>
  <testcase classname="testing.Login_test" name="password" time="0.652"/>
  <system-out/>
  <testcase classname="testing.Login_test" name="sign" time="19.034"/>
  <system-out/>
</testsuite> <!-- testing.Login_test -->
