<?xml version="1.0" encoding="UTF-8"?>
<!-- Generated by org.testng.reporters.JUnitReportReporter -->
<testsuite hostname="DESKTOP-7Q17T1A" failures="0" tests="2" name="testing.dataexe" time="36.891" errors="0" timestamp="2023-12-26T21:36:24 IST" skipped="0">
  <testcase classname="testing.dataexe" name="dataexe" time="19.379"/>
  <system-out/>
  <testcase classname="testing.dataexe" name="dataexe" time="17.512"/>
  <system-out/>
</testsuite> <!-- testing.dataexe -->
