<?xml version="1.0" encoding="UTF-8"?>
<!-- Generated by org.testng.reporters.JUnitReportReporter -->
<testsuite hostname="DESKTOP-7Q17T1A" failures="0" tests="2" name="testing.dataexe" time="261.026" errors="0" timestamp="2024-01-09T10:37:41 IST" skipped="0">
  <testcase classname="testing.dataexe" name="dataexe" time="147.476"/>
  <system-out/>
  <testcase classname="testing.dataexe" name="dataexe" time="113.550"/>
  <system-out/>
</testsuite> <!-- testing.dataexe -->
