<?xml version="1.0" encoding="UTF-8"?>
<!-- Generated by org.testng.reporters.JUnitReportReporter -->
<testsuite hostname="DESKTOP-7Q17T1A" failures="0" tests="4" name="testing.Login_test" time="59.435" errors="0" timestamp="2024-01-09T11:36:17 IST" skipped="0">
  <testcase classname="testing.Login_test" name="login_btn" time="58.515"/>
  <system-out/>
  <testcase classname="testing.Login_test" name="email" time="0.368"/>
  <system-out/>
  <testcase classname="testing.Login_test" name="password" time="0.212"/>
  <system-out/>
  <testcase classname="testing.Login_test" name="sign" time="0.340"/>
  <system-out/>
</testsuite> <!-- testing.Login_test -->
