<?xml version="1.0" encoding="UTF-8"?>
<!-- Generated by org.testng.reporters.JUnitReportReporter -->
<testsuite hostname="DESKTOP-7Q17T1A" failures="0" tests="4" name="testing.Login_test" time="4.903" errors="0" timestamp="2023-12-08T22:40:19 IST" skipped="0">
  <testcase classname="testing.Login_test" name="login_btn" time="3.658"/>
  <system-out/>
  <testcase classname="testing.Login_test" name="email" time="0.590"/>
  <system-out/>
  <testcase classname="testing.Login_test" name="password" time="0.320"/>
  <system-out/>
  <testcase classname="testing.Login_test" name="sign" time="0.335"/>
  <system-out/>
</testsuite> <!-- testing.Login_test -->
