<?xml version="1.0" encoding="UTF-8"?>
<!-- Generated by org.testng.reporters.JUnitReportReporter -->
<testsuite hostname="DESKTOP-7Q17T1A" failures="0" tests="4" name="testing.Login_test" time="7.046" errors="0" timestamp="2024-01-02T11:21:17 IST" skipped="0">
  <testcase classname="testing.Login_test" name="login_btn" time="4.559"/>
  <system-out/>
  <testcase classname="testing.Login_test" name="email" time="1.309"/>
  <system-out/>
  <testcase classname="testing.Login_test" name="password" time="0.420"/>
  <system-out/>
  <testcase classname="testing.Login_test" name="sign" time="0.758"/>
  <system-out/>
</testsuite> <!-- testing.Login_test -->
